Friday, 11-Mar-11 21:51:42 UTC Session Id: ani2agthr9rsd12hpbvdre3t47	Middle school science	No	Category3	Question1	Strongly disagree	Category1	Question1	Neutral
Friday, 11-Mar-11 21:51:59 UTC Session Id: ani2agthr9rsd12hpbvdre3t47	Middle school science	No	Category3	Question1	Strongly disagree	Category1	Question1	Neutral	Category3	Question1	Strongly disagree	Category4	Question2	Strongly disagree	FeedBack1	Not at all	Murderer:		Evidence:	
Friday, 18-Mar-11 04:05:16 UTC Session Id: 054p0gbm9kjs8f1p0g3d0ina35	High school chemistry		Category3	Question1	Strongly disagree	Category4	Question2	Slightly disagree
Friday, 18-Mar-11 04:26:41 UTC Session Id: 054p0gbm9kjs8f1p0g3d0ina35	High school chemistry		Category1	Question2	Strongly disagree	Category3	Question1	Slightly disagree
Friday, 18-Mar-11 04:27:16 UTC Session Id: 054p0gbm9kjs8f1p0g3d0ina35	High school chemistry		Category1	Question2	Strongly disagree	Category3	Question1	Slightly disagree	Category3	Question1	Strongly disagree	Category2	Question1	Strongly disagree	FeedBack3	Not at all	Murderer:		Sam	Vince	Evidence:		Allergy Drug Information Sheet	Sam's Paper on the Anti-Toxin	Coroner's Report
Friday, 18-Mar-11 04:53:52 UTC Session Id: 7jeoma31mgh8q58jmcueutao20	High school chemistry		Category3	Question2	Strongly disagree	Category2	Question1	Strongly disagree
Thursday, 26-May-11 07:43:12 UTC Session Id: bvd72uk4qotdnjnqklvvf24ns6	High school chemistry		Category2	Question1	Strongly disagree	Category3	Question2	Slightly disagree
Monday, 13-Jun-11 14:08:16 UTC Session Id: pv31nbfijmhmkoovbqon2q4402	High school chemistry		Category3	Question2	Slightly disagree	Category1	Question2	Neutral
Monday, 13-Jun-11 14:09:04 UTC Session Id: pv31nbfijmhmkoovbqon2q4402	High school chemistry		Category3	Question2	Slightly disagree	Category1	Question2	Neutral	Category1	Question2	Slightly disagree	Category2	Question2	Neutral	FeedBack3	Very little	Murderer:		Joanna	Evidence:		Peanut Pie
Monday, 13-Jun-11 14:21:02 UTC Session Id: pv31nbfijmhmkoovbqon2q4402	High school chemistry		Category3	Question2	Slightly disagree	Category1	Question2	Neutral	Category1	Question1	Slightly disagree	Category4	Question1	Strongly disagree	FeedBack2	Very little	Murderer:		Joanna	Evidence:		Punch
Monday, 13-Jun-11 19:47:16 UTC Session Id: pv31nbfijmhmkoovbqon2q4402	High school chemistry		Category3	Question2	Slightly disagree	Category1	Question2	Neutral	Category3	Question2	Slightly disagree	Category4	Question2	Neutral	FeedBack4	Not at all	Murderer:		Evidence:	
Monday, 13-Jun-11 19:50:56 UTC Session Id: pv31nbfijmhmkoovbqon2q4402	High school chemistry		Category3	Question2	Slightly disagree	Category1	Question2	Neutral	Category3	Question2	Slightly disagree	Category4	Question2	Neutral	FeedBack4	Not at all	Murderer:		Evidence:	
Monday, 13-Jun-11 19:51:35 UTC Session Id: pv31nbfijmhmkoovbqon2q4402	High school chemistry		Category3	Question2	Slightly disagree	Category1	Question2	Neutral	Category3	Question2	Slightly disagree	Category4	Question2	Neutral	FeedBack4	Not at all	Murderer:		Evidence:	
Monday, 13-Jun-11 19:57:23 UTC Session Id: pv31nbfijmhmkoovbqon2q4402	High school chemistry		Category3	Question2	Slightly disagree	Category1	Question2	Neutral	Category1	Question3	Neutral	Category4	Question1	Slightly disagree	FeedBack2	Not at all	Murderer:		Evidence:	
Monday, 13-Jun-11 20:00:43 UTC Session Id: pv31nbfijmhmkoovbqon2q4402	High school chemistry		Category3	Question2	Slightly disagree	Category1	Question2	Neutral	Category3	Question2	Slightly disagree	Category4	Question1	Slightly agree	FeedBack3	Very little	Murderer:		Evidence:	
Monday, 13-Jun-11 20:05:14 UTC Session Id: pv31nbfijmhmkoovbqon2q4402	High school chemistry		Category3	Question2	Slightly disagree	Category1	Question2	Neutral	Category1	Question1	Slightly disagree	Category4	Question2	Slightly disagree	FeedBack3	Not at all	Murderer:		Evidence:	
Monday, 13-Jun-11 20:06:14 UTC Session Id: pv31nbfijmhmkoovbqon2q4402	High school chemistry		Category3	Question2	Slightly disagree	Category1	Question2	Neutral	Category1	Question1	Slightly disagree	Category4	Question2	Slightly disagree	FeedBack3	Not at all	Murderer:		Evidence:	
Monday, 13-Jun-11 20:15:01 UTC Session Id: f6khq87ehs618f0991n1o22j95			Category2	Question1		Category1	Question1		Category2	Question2	Slightly disagree	Category4	Question1	Neutral	FeedBack3	Not at all	Murderer:		Evidence:	
Monday, 13-Jun-11 20:16:34 UTC Session Id: f6khq87ehs618f0991n1o22j95			Category2	Question1		Category1	Question1		Category2	Question1	Slightly disagree	Category4	Question2	Slightly disagree	FeedBack1	Not at all	Murderer:		Evidence:	
Monday, 13-Jun-11 20:35:21 UTC Session Id: f6khq87ehs618f0991n1o22j95			Category2	Question1		Category1	Question1		Category2	Question2	Slightly disagree	Category4	Question1	Neutral	FeedBack1	Not at all	Murderer:		Evidence:	
Monday, 13-Jun-11 20:40:11 UTC Session Id: f6khq87ehs618f0991n1o22j95			Category2	Question1		Category1	Question1		Category2	Question2	Slightly disagree	Category4	Question1	Neutral	FeedBack1	Not at all	Murderer:		Evidence:	
Tuesday, 14-Jun-11 20:30:30 UTC Session Id: 67u61ks2iaubpgl996r12giq23			Category1	Question1		Category4	Question1		Category4	Question1	Slightly disagree	Category2	Question1	Slightly disagree	FeedBack3	Not at all	Murderer:		Evidence:	
Tuesday, 14-Jun-11 20:31:58 UTC Session Id: umtda7srcirtdnvfii0u2f5l50			Category4	Question1		Category3	Question1		Category4	Question1	Strongly disagree	Category1	Question2	Slightly disagree	FeedBack3	Very little	Murderer:		Evidence:	
Tuesday, 14-Jun-11 20:32:00 UTC Session Id: umtda7srcirtdnvfii0u2f5l50			Category4	Question1		Category3	Question1		Category4	Question1	Strongly disagree	Category1	Question2	Slightly disagree	FeedBack3	Very little	Murderer:		Evidence:	
Tuesday, 14-Jun-11 20:32:39 UTC Session Id: umtda7srcirtdnvfii0u2f5l50			Category4	Question1		Category3	Question1		Category3	Question2	Slightly disagree	Category2	Question1	Slightly disagree	FeedBack2	Very little	Murderer:		Evidence:	
Tuesday, 14-Jun-11 20:34:01 UTC Session Id: fh7afmjs585pnkkuucjrok8c66			Category1	Question1		Category1	Question1		Category1	Question3	Slightly disagree	Category3	Question1	Slightly disagree	FeedBack1	Very little	Murderer:		Evidence:	
Tuesday, 14-Jun-11 20:34:15 UTC Session Id: fh7afmjs585pnkkuucjrok8c66			Category1	Question1		Category1	Question1		Category1	Question1	Slightly disagree	Category2	Question1	Slightly disagree	FeedBack4	Very little	Murderer:		Evidence:	
Tuesday, 14-Jun-11 20:39:18 UTC Session Id: 67u61ks2iaubpgl996r12giq23			Category1	Question1		Category4	Question1		Category1	Question2	Slightly disagree	Category2	Question1	Slightly disagree	FeedBack1	Not at all	Murderer:		Evidence:	
Tuesday, 14-Jun-11 20:39:23 UTC Session Id: 67u61ks2iaubpgl996r12giq23			Category1	Question1		Category4	Question1		Category1	Question1	Slightly disagree	Category3	Question2	Slightly disagree	FeedBack3	Not at all	Murderer:		Evidence:	
Tuesday, 14-Jun-11 20:39:32 UTC Session Id: 67u61ks2iaubpgl996r12giq23			Category1	Question1		Category4	Question1		Category1	Question2	Slightly disagree	Category2	Question1	Slightly disagree	FeedBack2	Not at all	Murderer:		Evidence:	
Tuesday, 14-Jun-11 20:41:29 UTC Session Id: 67u61ks2iaubpgl996r12giq23			Category1	Question1		Category4	Question1		Category1	Question1	Slightly disagree	Category2	Question1	Slightly disagree	FeedBack2	Somewhat	Murderer:		Evidence:	
Tuesday, 14-Jun-11 20:46:00 UTC Session Id: 67u61ks2iaubpgl996r12giq23			Category1	Question1		Category4	Question1		Category4	Question2	Slightly disagree	Category3	Question2	Slightly disagree	FeedBack3	Somewhat	Murderer:		Evidence:	
Tuesday, 14-Jun-11 20:53:24 UTC Session Id: 67u61ks2iaubpgl996r12giq23			Category1	Question1		Category4	Question1		Category4	Question1	Slightly disagree	Category2	Question1	Slightly disagree	FeedBack4	Somewhat	Murderer:		Evidence:	
Tuesday, 14-Jun-11 20:55:50 UTC Session Id: 67u61ks2iaubpgl996r12giq23			Category1	Question1		Category4	Question1		Category1	Question3	Slightly disagree	Category3	Question1	Slightly disagree	FeedBack1	Somewhat	Murderer:		Evidence:	
Tuesday, 14-Jun-11 21:11:51 UTC Session Id: 67u61ks2iaubpgl996r12giq23			Category1	Question1		Category4	Question1		Category4	Question1	Slightly disagree	Category2	Question2	Slightly disagree	FeedBack1	Somewhat	Murderer:		Evidence:	
Tuesday, 14-Jun-11 21:13:05 UTC Session Id: 67u61ks2iaubpgl996r12giq23			Category1	Question1		Category4	Question1		Category1	Question3	Slightly disagree	Category3	Question1	Slightly disagree	FeedBack2	Somewhat	Murderer:		Evidence:	
Tuesday, 14-Jun-11 21:18:07 UTC Session Id: 67u61ks2iaubpgl996r12giq23			Category1	Question1		Category4	Question1		Category1	Question2	Slightly disagree	Category3	Question1	Slightly disagree	FeedBack2	Very little	Murderer:		Evidence:	
Tuesday, 14-Jun-11 21:19:30 UTC Session Id: 67u61ks2iaubpgl996r12giq23			Category1	Question1		Category4	Question1		Category4	Question2	Slightly disagree	Category2	Question2	Slightly disagree	FeedBack1	Very little	Murderer:		Evidence:	
Tuesday, 14-Jun-11 21:20:01 UTC Session Id: 67u61ks2iaubpgl996r12giq23			Category1	Question1		Category4	Question1		Category1	Question1	Slightly disagree	Category2	Question2	Slightly disagree	FeedBack4	Very little	Murderer:		Evidence:	
Tuesday, 14-Jun-11 21:21:02 UTC Session Id: 67u61ks2iaubpgl996r12giq23			Category1	Question1		Category4	Question1		Category1	Question3	Slightly disagree	Category3	Question2	Slightly disagree	FeedBack2	Very little	Murderer:		Evidence:	
Tuesday, 14-Jun-11 21:26:43 UTC Session Id: 67u61ks2iaubpgl996r12giq23			Category1	Question1		Category4	Question1		Category4	Question2	Slightly disagree	Category3	Question2	Strongly disagree	FeedBack2	Somewhat	Murderer:		Evidence:	
Tuesday, 14-Jun-11 21:30:21 UTC Session Id: 67u61ks2iaubpgl996r12giq23			Category1	Question1		Category4	Question1		Category1	Question2	Slightly disagree	Category2	Question2	Slightly disagree	FeedBack4	Somewhat	Murderer:		Evidence:	
Tuesday, 14-Jun-11 21:30:47 UTC Session Id: 67u61ks2iaubpgl996r12giq23			Category1	Question1		Category4	Question1		Category4	Question2	Neutral	Category2	Question2	Neutral	FeedBack1	A lot	Murderer:		Evidence:	
Tuesday, 14-Jun-11 21:34:36 UTC Session Id: 67u61ks2iaubpgl996r12giq23			Category1	Question1		Category4	Question1		Category4	Question1	Slightly disagree	Category3	Question2	Slightly disagree	FeedBack1	Very little	Murderer:		Evidence:	
Tuesday, 14-Jun-11 21:37:21 UTC Session Id: 67u61ks2iaubpgl996r12giq23			Category1	Question1		Category4	Question1		Category1	Question2	Slightly disagree	Category3	Question2	Neutral	FeedBack1	Somewhat	Murderer:		Evidence:	
Tuesday, 14-Jun-11 21:39:42 UTC Session Id: 67u61ks2iaubpgl996r12giq23			Category1	Question1		Category4	Question1		Category1	Question3	Slightly disagree	Category3	Question2	Slightly disagree	FeedBack1	Somewhat	Murderer:		Evidence:	
Tuesday, 14-Jun-11 21:43:46 UTC Session Id: k0tp412l1jn9unkd4trb226k15			Category4	Question1		Category3	Question1		Category3	Question1	Slightly disagree	Category1	Question3	Slightly disagree	FeedBack4	Not at all	Murderer:		Evidence:	
Tuesday, 14-Jun-11 22:01:20 UTC Session Id: sgrkbcqq3l9sptfs37n3b3dq80			Category2	Question1		Category2	Question1		Category2	Question2	Neutral	Category4	Question2	Neutral	FeedBack1	A lot	Murderer:		Evidence:	
Wednesday, 15-Jun-11 19:22:33 UTC Session Id: rlf4tcliv6gf6lvsj0t0v6csa3			Category1	Question1		Category4	Question1		Category4	Question1	Slightly disagree	Category2	Question1	Slightly disagree	FeedBack3	Very little	Murderer:		Evidence:	
Wednesday, 22-Jun-11 14:16:14 UTC Session Id: 3un31k7qo03b3c783kunto1os2			Category1	Question1		Category1	Question1		Category1	Question2	Slightly disagree	Category3	Question1	Slightly disagree	FeedBack3	Somewhat	Murderer:		Evidence:	
Wednesday, 22-Jun-11 14:19:30 UTC Session Id: 3un31k7qo03b3c783kunto1os2			Category1	Question1		Category1	Question1		Category1	Question2	Slightly disagree	Category4	Question1	Slightly disagree	FeedBack1	Very little	Murderer:		Evidence:	
Wednesday, 22-Jun-11 14:48:03 UTC Session Id: jnkk6bdj4g8cn4ui8so6dc59r2			Category1	Question1		Category1	Question1		Category1	Question3	Slightly disagree	Category3	Question2	Slightly disagree	FeedBack4	Not at all	Murderer:		Evidence:	
Wednesday, 22-Jun-11 14:51:16 UTC Session Id: jnkk6bdj4g8cn4ui8so6dc59r2			Category1	Question1		Category1	Question1		Category1	Question1	Slightly disagree	Category3	Question1	Slightly disagree	FeedBack1	Very little	Murderer:		Evidence:	
Wednesday, 22-Jun-11 14:52:00 UTC Session Id: jnkk6bdj4g8cn4ui8so6dc59r2			Category1	Question1		Category1	Question1		Category1	Question1	Slightly disagree	Category2	Question2	Slightly disagree	FeedBack2	Very little	Murderer:		Evidence:	
Wednesday, 22-Jun-11 14:52:22 UTC Session Id: jnkk6bdj4g8cn4ui8so6dc59r2			Category1	Question1		Category1	Question1		Category1	Question2	Slightly disagree	Category4	Question1	Slightly disagree	FeedBack3	Somewhat	Murderer:		Evidence:	
Wednesday, 22-Jun-11 16:57:10 UTC Session Id: ijrpvrrnolbmrgqqs3i4c198i3	High school chemistry		Category2	Question2	Strongly disagree	Category1	Question3	Slightly disagree
Wednesday, 22-Jun-11 20:30:19 UTC Session Id: ijrpvrrnolbmrgqqs3i4c198i3	High school chemistry		Category2	Question2	Strongly disagree	Category1	Question3	Slightly disagree	Category2	Question1	Slightly disagree	Category4	Question2	Slightly disagree	FeedBack1	Very little	Murderer:		Evidence:	
Friday, 24-Jun-11 00:23:58 UTC Session Id: m2k1hp3fdpk2lpo0sq377smu34			Category1	Question1		Category3	Question1		Category3	Question1	Slightly disagree	Category2	Question1	Slightly disagree	FeedBack3	Very little	Murderer:		Evidence:	
Friday, 24-Jun-11 00:25:54 UTC Session Id: m2k1hp3fdpk2lpo0sq377smu34			Category1	Question1		Category3	Question1		Category1	Question3	Slightly disagree	Category4	Question1	Slightly disagree	FeedBack1	Somewhat	Murderer:		Evidence:	
Friday, 24-Jun-11 00:26:37 UTC Session Id: m2k1hp3fdpk2lpo0sq377smu34			Category1	Question1		Category3	Question1		Category3	Question2	Slightly disagree	Category2	Question1	Slightly disagree	FeedBack3	Somewhat	Murderer:		Evidence:	
Friday, 24-Jun-11 13:41:44 UTC Session Id: rcrbramv44iponchkmevil9uv4			Category4	Question1		Category3	Question1		Category3	Question1	Slightly disagree	Category1	Question1	Slightly disagree	FeedBack4	Somewhat	Murderer:		Evidence:	
Friday, 24-Jun-11 13:57:01 UTC Session Id: rcrbramv44iponchkmevil9uv4			Category4	Question1		Category3	Question1		Category4	Question2	Slightly disagree	Category1	Question3	Slightly disagree	FeedBack4	Very little	Murderer:		Evidence:	
