Friday, 11-Mar-11 21:51:42 UTC Session Id: ani2agthr9rsd12hpbvdre3t47	Middle school science	No	Category3	Question1	Strongly disagree	Category1	Question1	Neutral
Friday, 11-Mar-11 21:51:59 UTC Session Id: ani2agthr9rsd12hpbvdre3t47	Middle school science	No	Category3	Question1	Strongly disagree	Category1	Question1	Neutral	Category3	Question1	Strongly disagree	Category4	Question2	Strongly disagree	FeedBack1	Not at all	Murderer:		Evidence:	
Friday, 18-Mar-11 04:05:16 UTC Session Id: 054p0gbm9kjs8f1p0g3d0ina35	High school chemistry		Category3	Question1	Strongly disagree	Category4	Question2	Slightly disagree
Friday, 18-Mar-11 04:26:41 UTC Session Id: 054p0gbm9kjs8f1p0g3d0ina35	High school chemistry		Category1	Question2	Strongly disagree	Category3	Question1	Slightly disagree
Friday, 18-Mar-11 04:27:16 UTC Session Id: 054p0gbm9kjs8f1p0g3d0ina35	High school chemistry		Category1	Question2	Strongly disagree	Category3	Question1	Slightly disagree	Category3	Question1	Strongly disagree	Category2	Question1	Strongly disagree	FeedBack3	Not at all	Murderer:		Sam	Vince	Evidence:		Allergy Drug Information Sheet	Sam's Paper on the Anti-Toxin	Coroner's Report
Friday, 18-Mar-11 04:53:52 UTC Session Id: 7jeoma31mgh8q58jmcueutao20	High school chemistry		Category3	Question2	Strongly disagree	Category2	Question1	Strongly disagree
Thursday, 26-May-11 07:43:12 UTC Session Id: bvd72uk4qotdnjnqklvvf24ns6	High school chemistry		Category2	Question1	Strongly disagree	Category3	Question2	Slightly disagree
Monday, 13-Jun-11 14:08:16 UTC Session Id: pv31nbfijmhmkoovbqon2q4402	High school chemistry		Category3	Question2	Slightly disagree	Category1	Question2	Neutral
Monday, 13-Jun-11 14:09:04 UTC Session Id: pv31nbfijmhmkoovbqon2q4402	High school chemistry		Category3	Question2	Slightly disagree	Category1	Question2	Neutral	Category1	Question2	Slightly disagree	Category2	Question2	Neutral	FeedBack3	Very little	Murderer:		Joanna	Evidence:		Peanut Pie
Monday, 13-Jun-11 14:21:02 UTC Session Id: pv31nbfijmhmkoovbqon2q4402	High school chemistry		Category3	Question2	Slightly disagree	Category1	Question2	Neutral	Category1	Question1	Slightly disagree	Category4	Question1	Strongly disagree	FeedBack2	Very little	Murderer:		Joanna	Evidence:		Punch
Monday, 13-Jun-11 19:47:16 UTC Session Id: pv31nbfijmhmkoovbqon2q4402	High school chemistry		Category3	Question2	Slightly disagree	Category1	Question2	Neutral	Category3	Question2	Slightly disagree	Category4	Question2	Neutral	FeedBack4	Not at all	Murderer:		Evidence:	
Monday, 13-Jun-11 19:50:56 UTC Session Id: pv31nbfijmhmkoovbqon2q4402	High school chemistry		Category3	Question2	Slightly disagree	Category1	Question2	Neutral	Category3	Question2	Slightly disagree	Category4	Question2	Neutral	FeedBack4	Not at all	Murderer:		Evidence:	
Monday, 13-Jun-11 19:51:35 UTC Session Id: pv31nbfijmhmkoovbqon2q4402	High school chemistry		Category3	Question2	Slightly disagree	Category1	Question2	Neutral	Category3	Question2	Slightly disagree	Category4	Question2	Neutral	FeedBack4	Not at all	Murderer:		Evidence:	
Monday, 13-Jun-11 19:57:23 UTC Session Id: pv31nbfijmhmkoovbqon2q4402	High school chemistry		Category3	Question2	Slightly disagree	Category1	Question2	Neutral	Category1	Question3	Neutral	Category4	Question1	Slightly disagree	FeedBack2	Not at all	Murderer:		Evidence:	
Monday, 13-Jun-11 20:00:43 UTC Session Id: pv31nbfijmhmkoovbqon2q4402	High school chemistry		Category3	Question2	Slightly disagree	Category1	Question2	Neutral	Category3	Question2	Slightly disagree	Category4	Question1	Slightly agree	FeedBack3	Very little	Murderer:		Evidence:	
Monday, 13-Jun-11 20:05:14 UTC Session Id: pv31nbfijmhmkoovbqon2q4402	High school chemistry		Category3	Question2	Slightly disagree	Category1	Question2	Neutral	Category1	Question1	Slightly disagree	Category4	Question2	Slightly disagree	FeedBack3	Not at all	Murderer:		Evidence:	
Monday, 13-Jun-11 20:06:14 UTC Session Id: pv31nbfijmhmkoovbqon2q4402	High school chemistry		Category3	Question2	Slightly disagree	Category1	Question2	Neutral	Category1	Question1	Slightly disagree	Category4	Question2	Slightly disagree	FeedBack3	Not at all	Murderer:		Evidence:	
Mon, 27 Jun 11 19:59:27 +0000 Session Id: ab8c2932dcc121dbc1d0694d47e42d1d			Category2	Question1		Category3	Question1		Category2	Question2	Slightly disagree	Category4	Question2	Slightly disagree	FeedBack2	Very little	Murderer:		Evidence:	
Mon, 27 Jun 11 20:02:44 +0000 Session Id: ab8c2932dcc121dbc1d0694d47e42d1d			Category2	Question1		Category3	Question1		Category2	Question2	Slightly disagree	Category4	Question2	Slightly disagree	FeedBack2	Very little	Murderer:		Evidence:	
Mon, 27 Jun 11 20:02:46 +0000 Session Id: ab8c2932dcc121dbc1d0694d47e42d1d			Category2	Question1		Category3	Question1		Category2	Question2	Slightly disagree	Category4	Question2	Slightly disagree	FeedBack2	Very little	Murderer:		Evidence:	
Mon, 27 Jun 11 20:03:17 +0000 Session Id: ab8c2932dcc121dbc1d0694d47e42d1d			Category2	Question1		Category3	Question1		Category2	Question2	Slightly disagree	Category1	Question3	Slightly disagree	FeedBack1	Very little	Murderer:		Evidence:	
Mon, 27 Jun 11 20:18:50 +0000 Session Id: ab8c2932dcc121dbc1d0694d47e42d1d			Category2	Question1		Category3	Question1		Category2	Question2	Slightly disagree	Category1	Question3	Slightly disagree	FeedBack1	Very little	Murderer:		Evidence:	
Mon, 27 Jun 11 20:19:35 +0000 Session Id: ab8c2932dcc121dbc1d0694d47e42d1d			Category2	Question1		Category3	Question1		Category2	Question2	Slightly disagree	Category1	Question3	Slightly disagree	FeedBack1	Very little	Murderer:		Evidence:	
Mon, 27 Jun 11 20:20:37 +0000 Session Id: ab8c2932dcc121dbc1d0694d47e42d1d			Category2	Question1		Category3	Question1		Category2	Question2	Slightly disagree	Category1	Question3	Slightly disagree	FeedBack1	Very little	Murderer:		Evidence:	
Mon, 27 Jun 11 20:22:09 +0000 Session Id: ab8c2932dcc121dbc1d0694d47e42d1d			Category2	Question1		Category3	Question1		Category2	Question2	Slightly disagree	Category1	Question3	Slightly disagree	FeedBack1	Very little	Murderer:		Evidence:	
Mon, 27 Jun 11 20:22:37 +0000 Session Id: ab8c2932dcc121dbc1d0694d47e42d1d			Category2	Question1		Category3	Question1		Category2	Question2	Slightly disagree	Category1	Question3	Slightly disagree	FeedBack1	Very little	Murderer:		Evidence:	
Mon, 27 Jun 11 20:25:33 +0000 Session Id: ab8c2932dcc121dbc1d0694d47e42d1d			Category2	Question1		Category3	Question1		Category2	Question2	Slightly disagree	Category1	Question3	Slightly disagree	FeedBack1	Very little	Murderer:		Evidence:	
Mon, 27 Jun 11 20:25:50 +0000 Session Id: ab8c2932dcc121dbc1d0694d47e42d1d			Category2	Question1		Category3	Question1		Category2	Question2	Slightly disagree	Category1	Question3	Slightly disagree	FeedBack1	Very little	Murderer:		Evidence:	
Mon, 27 Jun 11 20:27:54 +0000 Session Id: ab8c2932dcc121dbc1d0694d47e42d1d			Category2	Question1		Category3	Question1		Category2	Question2	Slightly disagree	Category1	Question3	Slightly disagree	FeedBack1	Very little	Murderer:		Evidence:	
Mon, 27 Jun 11 20:31:28 +0000 Session Id: ab8c2932dcc121dbc1d0694d47e42d1d			Category2	Question1		Category3	Question1		Category2	Question2	Slightly disagree	Category1	Question3	Slightly disagree	FeedBack1	Very little	Murderer:		Evidence:	
Mon, 27 Jun 11 20:31:39 +0000 Session Id: ab8c2932dcc121dbc1d0694d47e42d1d			Category2	Question1		Category3	Question1		Category2	Question2	Slightly disagree	Category1	Question3	Slightly disagree	FeedBack1	Very little	Murderer:		Evidence:	
Mon, 27 Jun 11 20:45:37 +0000 Session Id: bf2971c42576d2a3ac4bcb89af4efb79			Category4	Question1		Category2	Question1		Category4	Question2	Strongly disagree	Category1	Question1	Slightly disagree	FeedBack2	Not at all	Murderer:		Evidence:	
Mon, 27 Jun 11 20:47:20 +0000 Session Id: 6927a938d391b8a3158f7049070078d4			Category1	Question1		Category1	Question1		Category4	Question1	Slightly disagree	Category3	Question2	Slightly disagree	FeedBack4	Very little	Murderer:		Evidence:	
Mon, 27 Jun 11 20:54:31 +0000 Session Id: bf2971c42576d2a3ac4bcb89af4efb79			Category4	Question1		Category2	Question1		Category4	Question2	Strongly disagree	Category1	Question1	Slightly disagree	FeedBack2	Not at all	Murderer:		Evidence:	

	<log date="Tue, 28 Jun 11 12:35:11 -0400" sid="d256863d45ed1d3a255fec49da725c4b">	
		<cq num="0">Notice:  Undefined index: what_unknown_sub in /Users/steve/Docs/Internships/Spring _2011/MellonInstitute/Files/MixedReception/end_survey_mk7.php on line 50</cq>
		<cq num="1"> Notice:  Undefined index: mw_drug in /Users/steve/Docs/Internships/Spring _2011/MellonInstitute/Files/MixedReception/end_survey_mk7.php on line 56</cq>
		<cq num="2"> Notice:  Undefined index: mw_anti_venom in /Users/steve/Docs/Internships/Spring _2011/MellonInstitute/Files/MixedReception/end_survey_mk7.php on line 62</cq>
		<cq num="3">Notice:  Undefined index: $unknown_sub_mass_why in /Users/steve/Docs/Internships/Spring _2011/MellonInstitute/Files/MixedReception/end_survey_mk7.php on line 68</cq>
		<cq num="4">Notice:  Undefined index: whypeanut_killed in /Users/steve/Docs/Internships/Spring _2011/MellonInstitute/Files/MixedReception/end_survey_mk7.php on line 73</cq>
		<cq num="5">Notice:  Undefined index: take_medicine in /Users/steve/Docs/Internships/Spring _2011/MellonInstitute/Files/MixedReception/end_survey_mk7.php on line 79</cq>
		<cq num="6">Notice:  Undefined index: sam_abstract in /Users/steve/Docs/Internships/Spring _2011/MellonInstitute/Files/MixedReception/end_survey_mk7.php on line 84</cq>
		<cq num="7">Notice:  Undefined index: joanna_pills in /Users/steve/Docs/Internships/Spring _2011/MellonInstitute/Files/MixedReception/end_survey_mk7.php on line 90</cq>
		<cq num="8">Notice:  Undefined index: joanna_emails in /Users/steve/Docs/Internships/Spring _2011/MellonInstitute/Files/MixedReception/end_survey_mk7.php on line 96</cq>
		<cq num="9">Notice:  Undefined index: food_drink in /Users/steve/Docs/Internships/Spring _2011/MellonInstitute/Files/MixedReception/end_survey_mk7.php on line 102</cq>
		<cq num="10">Notice:  Undefined index: who_guilty in /Users/steve/Docs/Internships/Spring _2011/MellonInstitute/Files/MixedReception/end_survey_mk7.php on line 114</cq>
		<cq num="11">Notice:  Undefined index: why_motive in /Users/steve/Docs/Internships/Spring _2011/MellonInstitute/Files/MixedReception/end_survey_mk7.php on line 119</cq>
		<cq num="12">Notice:  Undefined index: how_committed in /Users/steve/Docs/Internships/Spring _2011/MellonInstitute/Files/MixedReception/end_survey_mk7.php on line 124</cq>
	</log>